<?xml version="1.0" encoding="UTF-8"?>
<testsuite name="connection.Tests" tests="1" skipped="0" failures="0" errors="0" timestamp="2021-04-28T12:25:56" hostname="DESKTOP-6BHH6BK" time="1.933">
  <properties/>
  <testcase name="testAcceptTransfer1()" classname="connection.Tests" time="1.933"/>
  <system-out><![CDATA[]]></system-out>
  <system-err><![CDATA[]]></system-err>
</testsuite>
